<?xml version="1.0" encoding="UTF-8"?>
<!-- Generated by org.testng.reporters.JUnitXMLReporter -->
<testsuite hostname="SUDHIRKRISHNA" name="Test" tests="2" failures="0" timestamp="27 Aug 2019 07:24:48 GMT" time="66.519" errors="0">
  <testcase name="@AfterMethod closeAppln" time="0.0" classname="scripts.Testlogout_gmail">
    <failure type="java.lang.NullPointerException">
      <![CDATA[java.lang.NullPointerException
	at flip.generic_libraries.Generic_Test.closeAppln(Generic_Test.java:59)
... Removed 27 stack frames]]>
    </failure>
  </testcase> <!-- @AfterMethod closeAppln -->
  <testcase name="login_gmail" time="22.514" classname="scripts.Testlogin_gmail"/>
  <testcase name="logout" time="14.841" classname="scripts.Testlogout_gmail"/>
</testsuite> <!-- Test -->
