<?xml version="1.0" encoding="UTF-8"?>
<testng-results skipped="0" failed="0" total="2" passed="2">
  <reporter-output>
  </reporter-output>
  <suite name="Suite" duration-ms="66519" started-at="2019-08-27T07:23:41Z" finished-at="2019-08-27T07:24:48Z">
    <groups>
    </groups>
    <test name="Test" duration-ms="66519" started-at="2019-08-27T07:23:41Z" finished-at="2019-08-27T07:24:48Z">
      <class name="scripts.Testlogin_gmail">
        <test-method status="PASS" signature="extentreport123()[pri:0, instance:scripts.Testlogin_gmail@68be2bc2]" name="extentreport123" is-config="true" duration-ms="498" started-at="2019-08-27T12:53:41Z" finished-at="2019-08-27T12:53:41Z">
          <reporter-output>
          </reporter-output>
        </test-method> <!-- extentreport123 -->
        <test-method status="PASS" signature="starttest123()[pri:0, instance:scripts.Testlogin_gmail@68be2bc2]" name="starttest123" is-config="true" duration-ms="0" started-at="2019-08-27T12:53:41Z" finished-at="2019-08-27T12:53:41Z">
          <reporter-output>
          </reporter-output>
        </test-method> <!-- starttest123 -->
        <test-method status="PASS" signature="openAppln()[pri:0, instance:scripts.Testlogin_gmail@68be2bc2]" name="openAppln" is-config="true" duration-ms="8744" started-at="2019-08-27T12:53:41Z" finished-at="2019-08-27T12:53:50Z">
          <reporter-output>
          </reporter-output>
        </test-method> <!-- openAppln -->
        <test-method status="PASS" signature="login_gmail()[pri:0, instance:scripts.Testlogin_gmail@68be2bc2]" name="login_gmail" duration-ms="22514" started-at="2019-08-27T12:53:50Z" finished-at="2019-08-27T12:54:13Z">
          <reporter-output>
          </reporter-output>
        </test-method> <!-- login_gmail -->
        <test-method status="PASS" signature="closeAppln(org.testng.ITestResult)[pri:0, instance:scripts.Testlogin_gmail@68be2bc2]" name="closeAppln" is-config="true" duration-ms="12342" started-at="2019-08-27T12:54:13Z" finished-at="2019-08-27T12:54:25Z">
          <params>
            <param index="0">
              <value>
                <![CDATA[[TestResult name=login_gmail status=SUCCESS method=Testlogin_gmail.login_gmail()[pri:0, instance:scripts.Testlogin_gmail@68be2bc2] output={null}]]]>
              </value>
            </param>
          </params>
          <reporter-output>
          </reporter-output>
        </test-method> <!-- closeAppln -->
      </class> <!-- scripts.Testlogin_gmail -->
      <class name="scripts.Testlogout_gmail">
        <test-method status="PASS" signature="openAppln()[pri:0, instance:scripts.Testlogout_gmail@28feb3fa]" name="openAppln" is-config="true" duration-ms="8054" started-at="2019-08-27T12:54:25Z" finished-at="2019-08-27T12:54:33Z">
          <reporter-output>
          </reporter-output>
        </test-method> <!-- openAppln -->
        <test-method status="PASS" signature="logout()[pri:0, instance:scripts.Testlogout_gmail@28feb3fa]" name="logout" duration-ms="14841" started-at="2019-08-27T12:54:33Z" finished-at="2019-08-27T12:54:48Z">
          <reporter-output>
          </reporter-output>
        </test-method> <!-- logout -->
        <test-method status="FAIL" signature="closeAppln(org.testng.ITestResult)[pri:0, instance:scripts.Testlogout_gmail@28feb3fa]" name="closeAppln" is-config="true" duration-ms="0" started-at="2019-08-27T12:54:48Z" finished-at="2019-08-27T12:54:48Z">
          <params>
            <param index="0">
              <value>
                <![CDATA[[TestResult name=logout status=SUCCESS method=Testlogout_gmail.logout()[pri:0, instance:scripts.Testlogout_gmail@28feb3fa] output={null}]]]>
              </value>
            </param>
          </params>
          <exception class="java.lang.NullPointerException">
            <full-stacktrace>
              <![CDATA[java.lang.NullPointerException
	at flip.generic_libraries.Generic_Test.closeAppln(Generic_Test.java:59)
	at sun.reflect.NativeMethodAccessorImpl.invoke0(Native Method)
	at sun.reflect.NativeMethodAccessorImpl.invoke(Unknown Source)
	at sun.reflect.DelegatingMethodAccessorImpl.invoke(Unknown Source)
	at java.lang.reflect.Method.invoke(Unknown Source)
	at org.testng.internal.MethodInvocationHelper.invokeMethod(MethodInvocationHelper.java:100)
	at org.testng.internal.Invoker.invokeConfigurationMethod(Invoker.java:515)
	at org.testng.internal.Invoker.invokeConfigurations(Invoker.java:216)
	at org.testng.internal.Invoker.invokeMethod(Invoker.java:712)
	at org.testng.internal.Invoker.invokeTestMethod(Invoker.java:811)
	at org.testng.internal.Invoker.invokeTestMethods(Invoker.java:1129)
	at org.testng.internal.TestMethodWorker.invokeTestMethods(TestMethodWorker.java:129)
	at org.testng.internal.TestMethodWorker.run(TestMethodWorker.java:112)
	at org.testng.TestRunner.privateRun(TestRunner.java:746)
	at org.testng.TestRunner.run(TestRunner.java:600)
	at org.testng.SuiteRunner.runTest(SuiteRunner.java:366)
	at org.testng.SuiteRunner.runSequentially(SuiteRunner.java:361)
	at org.testng.SuiteRunner.privateRun(SuiteRunner.java:319)
	at org.testng.SuiteRunner.run(SuiteRunner.java:268)
	at org.testng.SuiteRunnerWorker.runSuite(SuiteRunnerWorker.java:52)
	at org.testng.SuiteRunnerWorker.run(SuiteRunnerWorker.java:86)
	at org.testng.TestNG.runSuitesSequentially(TestNG.java:1264)
	at org.testng.TestNG.runSuitesLocally(TestNG.java:1189)
	at org.testng.TestNG.runSuites(TestNG.java:1104)
	at org.testng.TestNG.run(TestNG.java:1076)
	at org.testng.remote.AbstractRemoteTestNG.run(AbstractRemoteTestNG.java:126)
	at org.testng.remote.RemoteTestNG.initAndRun(RemoteTestNG.java:152)
	at org.testng.remote.RemoteTestNG.main(RemoteTestNG.java:57)
]]>
            </full-stacktrace>
          </exception> <!-- java.lang.NullPointerException -->
          <reporter-output>
          </reporter-output>
        </test-method> <!-- closeAppln -->
      </class> <!-- scripts.Testlogout_gmail -->
    </test> <!-- Test -->
  </suite> <!-- Suite -->
</testng-results>
